I, [2016-08-12T09:01:38.061588 #30916]  INFO -- : Refreshing Gem list
/usr/lib/rvm/gems/ruby-2.3.1/gems/bundler-1.12.5/lib/bundler/runtime.rb:35:in `block in setup': You have already activated rack 2.0.1, but your Gemfile requires rack 1.6.4. Prepending `bundle exec` to your command may solve this. (Gem::LoadError)
	from /usr/lib/rvm/gems/ruby-2.3.1/gems/bundler-1.12.5/lib/bundler/runtime.rb:20:in `map'
	from /usr/lib/rvm/gems/ruby-2.3.1/gems/bundler-1.12.5/lib/bundler/runtime.rb:20:in `setup'
	from /usr/lib/rvm/gems/ruby-2.3.1/gems/bundler-1.12.5/lib/bundler.rb:95:in `setup'
	from /usr/lib/rvm/gems/ruby-2.3.1/gems/bundler-1.12.5/lib/bundler/setup.rb:19:in `<top (required)>'
	from /usr/lib/rvm/rubies/ruby-2.3.1/lib/ruby/site_ruby/2.3.0/rubygems/core_ext/kernel_require.rb:55:in `require'
	from /usr/lib/rvm/rubies/ruby-2.3.1/lib/ruby/site_ruby/2.3.0/rubygems/core_ext/kernel_require.rb:55:in `require'
	from /var/www/webroot/ROOT/config/boot.rb:4:in `<top (required)>'
	from /usr/lib/rvm/rubies/ruby-2.3.1/lib/ruby/site_ruby/2.3.0/rubygems/core_ext/kernel_require.rb:55:in `require'
	from /usr/lib/rvm/rubies/ruby-2.3.1/lib/ruby/site_ruby/2.3.0/rubygems/core_ext/kernel_require.rb:55:in `require'
	from /var/www/webroot/ROOT/config/application.rb:1:in `<top (required)>'
	from /usr/lib/rvm/rubies/ruby-2.3.1/lib/ruby/site_ruby/2.3.0/rubygems/core_ext/kernel_require.rb:55:in `require'
	from /usr/lib/rvm/rubies/ruby-2.3.1/lib/ruby/site_ruby/2.3.0/rubygems/core_ext/kernel_require.rb:55:in `require'
	from /var/www/webroot/ROOT/config/environment.rb:2:in `<top (required)>'
	from /usr/lib/rvm/rubies/ruby-2.3.1/lib/ruby/site_ruby/2.3.0/rubygems/core_ext/kernel_require.rb:55:in `require'
	from /usr/lib/rvm/rubies/ruby-2.3.1/lib/ruby/site_ruby/2.3.0/rubygems/core_ext/kernel_require.rb:55:in `require'
	from config.ru:4:in `block in <main>'
	from /usr/lib/rvm/gems/ruby-2.3.1/gems/rack-2.0.1/lib/rack/builder.rb:55:in `instance_eval'
	from /usr/lib/rvm/gems/ruby-2.3.1/gems/rack-2.0.1/lib/rack/builder.rb:55:in `initialize'
	from config.ru:1:in `new'
	from config.ru:1:in `<main>'
	from /usr/lib/rvm/gems/ruby-2.3.1/gems/unicorn-5.1.0/lib/unicorn.rb:56:in `eval'
	from /usr/lib/rvm/gems/ruby-2.3.1/gems/unicorn-5.1.0/lib/unicorn.rb:56:in `block in builder'
	from /usr/lib/rvm/gems/ruby-2.3.1/gems/unicorn-5.1.0/bin/unicorn_rails:139:in `block in rails_builder'
	from /usr/lib/rvm/gems/ruby-2.3.1/gems/unicorn-5.1.0/lib/unicorn/http_server.rb:752:in `build_app!'
	from /usr/lib/rvm/gems/ruby-2.3.1/gems/unicorn-5.1.0/lib/unicorn/http_server.rb:129:in `start'
	from /usr/lib/rvm/gems/ruby-2.3.1/gems/unicorn-5.1.0/bin/unicorn_rails:209:in `<top (required)>'
	from /usr/lib/rvm/gems/ruby-2.3.1/bin/unicorn_rails:23:in `load'
	from /usr/lib/rvm/gems/ruby-2.3.1/bin/unicorn_rails:23:in `<main>'
	from /usr/lib/rvm/gems/ruby-2.3.1/bin/ruby_executable_hooks:15:in `eval'
	from /usr/lib/rvm/gems/ruby-2.3.1/bin/ruby_executable_hooks:15:in `<main>'
I, [2016-08-12T09:03:00.982783 #30941]  INFO -- : Refreshing Gem list
I, [2016-08-12T09:03:07.308350 #30941]  INFO -- : listening on addr=/var/www/webroot/ROOT/tmp/sockets/unicorn.socket fd=11
I, [2016-08-12T09:03:07.314941 #30944]  INFO -- : worker=0 ready
I, [2016-08-12T09:03:07.318788 #30946]  INFO -- : worker=1 ready
I, [2016-08-12T09:03:07.321816 #30941]  INFO -- : master process ready
I, [2016-08-12T09:03:07.336482 #30949]  INFO -- : worker=2 ready
I, [2016-08-12T09:03:07.358007 #30952]  INFO -- : worker=3 ready
I, [2016-08-12T09:04:10.386287 #30941]  INFO -- : reloading config_file=config/unicorn.rb
I, [2016-08-12T09:04:10.596142 #30941]  INFO -- : Refreshing Gem list
I, [2016-08-12T09:04:10.597170 #30941]  INFO -- : done reloading config_file=config/unicorn.rb
I, [2016-08-12T09:04:10.662239 #30941]  INFO -- : reaped #<Process::Status: pid 30944 exit 0> worker=0
I, [2016-08-12T09:04:10.662456 #30941]  INFO -- : reaped #<Process::Status: pid 30946 exit 0> worker=1
I, [2016-08-12T09:04:10.662556 #30941]  INFO -- : reaped #<Process::Status: pid 30949 exit 0> worker=2
I, [2016-08-12T09:04:10.662620 #30941]  INFO -- : reaped #<Process::Status: pid 30952 exit 0> worker=3
I, [2016-08-12T09:04:10.662804 #30941]  INFO -- : master complete
I, [2016-08-12T09:06:33.903258 #1252]  INFO -- : Refreshing Gem list
I, [2016-08-12T09:06:41.295538 #1252]  INFO -- : unlinking existing socket=/var/www/webroot/ROOT/tmp/sockets/unicorn.socket
I, [2016-08-12T09:06:41.307582 #1252]  INFO -- : listening on addr=/var/www/webroot/ROOT/tmp/sockets/unicorn.socket fd=11
I, [2016-08-12T09:06:41.313521 #1255]  INFO -- : worker=0 ready
I, [2016-08-12T09:06:41.316067 #1257]  INFO -- : worker=1 ready
I, [2016-08-12T09:06:41.318901 #1252]  INFO -- : master process ready
I, [2016-08-12T09:06:41.332886 #1260]  INFO -- : worker=2 ready
I, [2016-08-12T09:06:41.334319 #1264]  INFO -- : worker=3 ready
